<?xml version="1.0" encoding="UTF-8"?>
<!-- Generated by org.testng.reporters.JUnitReportReporter -->
<testsuite skipped="0" hostname="DESKTOP-D78FMIE" name="New_project.Launchthesite" tests="1" failures="0" timestamp="06 Nov 2020 07:52:16 GMT" time="20.363" errors="0">
  <testcase name="a" time="20.363" classname="New_project.Launchthesite"/>
</testsuite> <!-- New_project.Launchthesite -->
