<?xml version="1.0" encoding="UTF-8"?>
<!-- Generated by org.testng.reporters.JUnitReportReporter -->
<testsuite skipped="0" hostname="DESKTOP-D78FMIE" name="New_project.Extentreport" tests="1" failures="0" timestamp="27 Nov 2020 13:15:31 GMT" time="14.718" errors="0">
  <testcase name="verifyBlogTitle" time="14.718" classname="New_project.Extentreport"/>
</testsuite> <!-- New_project.Extentreport -->
