<?xml version="1.0" encoding="UTF-8"?>
<!-- Generated by org.testng.reporters.JUnitReportReporter -->
<testsuite skipped="0" hostname="DESKTOP-D78FMIE" name="New_project.OrangeHrn" tests="1" failures="0" timestamp="21 Nov 2020 04:43:52 GMT" time="49.518" errors="0">
  <testcase name="a" time="49.518" classname="New_project.OrangeHrn"/>
</testsuite> <!-- New_project.OrangeHrn -->
